<?xml version="1.0" encoding="UTF-8"?>
<testng-results skipped="0" failed="0" ignored="0" total="5" passed="5">
  <reporter-output>
  </reporter-output>
  <suite name="Suite" duration-ms="28181" started-at="2019-05-14T10:22:49Z" finished-at="2019-05-14T10:23:17Z">
    <groups>
    </groups>
    <test name="Test" duration-ms="28181" started-at="2019-05-14T10:22:49Z" finished-at="2019-05-14T10:23:17Z">
      <class name="seleniumNew.GoogleTest">
        <test-method status="PASS" signature="setUp()[pri:0, instance:seleniumNew.GoogleTest@d25987]" name="setUp" is-config="true" duration-ms="8470" started-at="2019-05-14T10:22:49Z" finished-at="2019-05-14T10:22:57Z">
          <reporter-output>
          </reporter-output>
        </test-method> <!-- setUp -->
        <test-method status="PASS" signature="googleLogoTest()[pri:0, instance:seleniumNew.GoogleTest@d25987]" name="googleLogoTest" duration-ms="71" started-at="2019-05-14T10:22:57Z" finished-at="2019-05-14T10:22:57Z">
          <reporter-output>
          </reporter-output>
        </test-method> <!-- googleLogoTest -->
        <test-method status="PASS" signature="tearDown()[pri:0, instance:seleniumNew.GoogleTest@d25987]" name="tearDown" is-config="true" duration-ms="272" started-at="2019-05-14T10:22:57Z" finished-at="2019-05-14T10:22:58Z">
          <reporter-output>
          </reporter-output>
        </test-method> <!-- tearDown -->
        <test-method status="PASS" signature="setUp()[pri:0, instance:seleniumNew.GoogleTest@d25987]" name="setUp" is-config="true" duration-ms="7230" started-at="2019-05-14T10:22:58Z" finished-at="2019-05-14T10:23:05Z">
          <reporter-output>
          </reporter-output>
        </test-method> <!-- setUp -->
        <test-method status="PASS" signature="searchBtmTest()[pri:0, instance:seleniumNew.GoogleTest@d25987]" name="searchBtmTest" duration-ms="307" started-at="2019-05-14T10:23:05Z" finished-at="2019-05-14T10:23:05Z">
          <reporter-output>
          </reporter-output>
        </test-method> <!-- searchBtmTest -->
        <test-method status="PASS" signature="tearDown()[pri:0, instance:seleniumNew.GoogleTest@d25987]" name="tearDown" is-config="true" duration-ms="2314" started-at="2019-05-14T10:23:05Z" finished-at="2019-05-14T10:23:07Z">
          <reporter-output>
          </reporter-output>
        </test-method> <!-- tearDown -->
        <test-method status="PASS" signature="setUp()[pri:0, instance:seleniumNew.GoogleTest@d25987]" name="setUp" is-config="true" duration-ms="7190" started-at="2019-05-14T10:23:07Z" finished-at="2019-05-14T10:23:15Z">
          <reporter-output>
          </reporter-output>
        </test-method> <!-- setUp -->
        <test-method status="PASS" signature="GoogleTitleTest()[pri:1, instance:seleniumNew.GoogleTest@d25987]" name="GoogleTitleTest" duration-ms="11" started-at="2019-05-14T10:23:15Z" finished-at="2019-05-14T10:23:15Z">
          <reporter-output>
          </reporter-output>
        </test-method> <!-- GoogleTitleTest -->
        <test-method status="PASS" signature="tearDown()[pri:0, instance:seleniumNew.GoogleTest@d25987]" name="tearDown" is-config="true" duration-ms="2203" started-at="2019-05-14T10:23:15Z" finished-at="2019-05-14T10:23:17Z">
          <reporter-output>
          </reporter-output>
        </test-method> <!-- tearDown -->
      </class> <!-- seleniumNew.GoogleTest -->
      <class name="seleniumNew.SeleniumNewTest">
        <test-method status="PASS" signature="login()[pri:0, instance:seleniumNew.SeleniumNewTest@101b7af]" name="login" is-config="true" duration-ms="20" started-at="2019-05-14T10:22:49Z" finished-at="2019-05-14T10:22:49Z">
          <reporter-output>
          </reporter-output>
        </test-method> <!-- login -->
        <test-method status="PASS" signature="manageTest()[pri:0, instance:seleniumNew.SeleniumNewTest@101b7af]" name="manageTest" duration-ms="1" started-at="2019-05-14T10:22:49Z" finished-at="2019-05-14T10:22:49Z">
          <reporter-output>
          </reporter-output>
        </test-method> <!-- manageTest -->
        <test-method status="PASS" signature="userLoginTest()[pri:0, instance:seleniumNew.SeleniumNewTest@101b7af]" name="userLoginTest" duration-ms="0" started-at="2019-05-14T10:22:49Z" finished-at="2019-05-14T10:22:49Z">
          <reporter-output>
          </reporter-output>
        </test-method> <!-- userLoginTest -->
        <test-method status="PASS" signature="login()[pri:0, instance:seleniumNew.SeleniumNewTest@101b7af]" name="login" is-config="true" duration-ms="0" started-at="2019-05-14T10:22:49Z" finished-at="2019-05-14T10:22:49Z">
          <reporter-output>
          </reporter-output>
        </test-method> <!-- login -->
        <test-method status="PASS" signature="userLogout()[pri:0, instance:seleniumNew.SeleniumNewTest@101b7af]" name="userLogout" is-config="true" duration-ms="0" started-at="2019-05-14T10:22:49Z" finished-at="2019-05-14T10:22:49Z">
          <reporter-output>
          </reporter-output>
        </test-method> <!-- userLogout -->
        <test-method status="PASS" signature="userLogout()[pri:0, instance:seleniumNew.SeleniumNewTest@101b7af]" name="userLogout" is-config="true" duration-ms="0" started-at="2019-05-14T10:22:49Z" finished-at="2019-05-14T10:22:49Z">
          <reporter-output>
          </reporter-output>
        </test-method> <!-- userLogout -->
      </class> <!-- seleniumNew.SeleniumNewTest -->
    </test> <!-- Test -->
  </suite> <!-- Suite -->
</testng-results>
