<?xml version="1.0" encoding="UTF-8"?>
<!-- Generated by org.testng.reporters.JUnitXMLReporter -->
<testsuite hostname="DESKTOP-EG0PIDQ" ignored="0" name="Test" tests="5" failures="0" timestamp="14 May 2019 10:23:17 GMT" time="28.181" errors="0">
  <testcase name="manageTest" time="0.001" classname="seleniumNew.SeleniumNewTest"/>
  <testcase name="userLoginTest" time="0.0" classname="seleniumNew.SeleniumNewTest"/>
  <testcase name="googleLogoTest" time="0.071" classname="seleniumNew.GoogleTest"/>
  <testcase name="searchBtmTest" time="0.307" classname="seleniumNew.GoogleTest"/>
  <testcase name="GoogleTitleTest" time="0.011" classname="seleniumNew.GoogleTest"/>
</testsuite> <!-- Test -->
